# JRE version: Java(TM) SE Runtime Environment (8.0_77-b03) (build 1.8.0_77-b03)
# Java VM: Java HotSpot(TM) 64-Bit Server VM (25.77-b03 mixed mode windows-amd64 compressed oops)
Heap:
 PSYoungGen      total 273920K, used 227471K [0x00000000eab00000, 0x00000000ffc00000, 0x0000000100000000)
  eden space 204800K, 100% used [0x00000000eab00000,0x00000000f7300000,0x00000000f7300000)
  from space 69120K, 32% used [0x00000000f7300000,0x00000000f8923eb8,0x00000000fb680000)
  to   space 66560K, 39% used [0x00000000fbb00000,0x00000000fd4c8ae8,0x00000000ffc00000)
 ParOldGen       total 243712K, used 227107K [0x00000000c0000000, 0x00000000cee00000, 0x00000000eab00000)
  object space 243712K, 93% used [0x00000000c0000000,0x00000000cddc8f08,0x00000000cee00000)
 Metaspace       used 250789K, capacity 260742K, committed 261888K, reserved 1271808K
  class space    used 34775K, capacity 38332K, committed 38656K, reserved 1048576K
GC Heap History (10 events):
Event: 7326.113 GC heap after
Heap after GC invocations=74 (full 20):
 PSYoungGen      total 266240K, used 20648K [0x00000000eab00000, 0x00000000ff700000, 0x0000000100000000)
  eden space 196608K, 0% used [0x00000000eab00000,0x00000000eab00000,0x00000000f6b00000)
  from space 69632K, 29% used [0x00000000fb300000,0x00000000fc72a078,0x00000000ff700000)
  to   space 71680K, 0% used [0x00000000f6b00000,0x00000000f6b00000,0x00000000fb100000)
 ParOldGen       total 243712K, used 204139K [0x00000000c0000000, 0x00000000cee00000, 0x00000000eab00000)
  object space 243712K, 83% used [0x00000000c0000000,0x00000000cc75ae40,0x00000000cee00000)
 Metaspace       used 227806K, capacity 236270K, committed 238208K, reserved 1253376K
  class space    used 31448K, capacity 34346K, committed 34944K, reserved 1048576K
}
Event: 7492.722 GC heap before
{Heap before GC invocations=75 (full 20):
 PSYoungGen      total 266240K, used 217256K [0x00000000eab00000, 0x00000000ff700000, 0x0000000100000000)
  eden space 196608K, 100% used [0x00000000eab00000,0x00000000f6b00000,0x00000000f6b00000)
  from space 69632K, 29% used [0x00000000fb300000,0x00000000fc72a078,0x00000000ff700000)
  to   space 71680K, 0% used [0x00000000f6b00000,0x00000000f6b00000,0x00000000fb100000)
 ParOldGen       total 243712K, used 204139K [0x00000000c0000000, 0x00000000cee00000, 0x00000000eab00000)
  object space 243712K, 83% used [0x00000000c0000000,0x00000000cc75ae40,0x00000000cee00000)
 Metaspace       used 231771K, capacity 240720K, committed 242304K, reserved 1255424K
  class space    used 32028K, capacity 35171K, committed 35712K, reserved 1048576K
Event: 7492.833 GC heap after
Heap after GC invocations=75 (full 20):
 PSYoungGen      total 268288K, used 27384K [0x00000000eab00000, 0x00000000ff900000, 0x0000000100000000)
  eden space 196608K, 0% used [0x00000000eab00000,0x00000000eab00000,0x00000000f6b00000)
  from space 71680K, 38% used [0x00000000f6b00000,0x00000000f85be178,0x00000000fb100000)
  to   space 68096K, 0% used [0x00000000fb680000,0x00000000fb680000,0x00000000ff900000)
 ParOldGen       total 243712K, used 204147K [0x00000000c0000000, 0x00000000cee00000, 0x00000000eab00000)
  object space 243712K, 83% used [0x00000000c0000000,0x00000000cc75ce40,0x00000000cee00000)
 Metaspace       used 231771K, capacity 240720K, committed 242304K, reserved 1255424K
  class space    used 32028K, capacity 35171K, committed 35712K, reserved 1048576K
}
Event: 7497.221 GC heap before
{Heap before GC invocations=76 (full 20):
 PSYoungGen      total 268288K, used 194852K [0x00000000eab00000, 0x00000000ff900000, 0x0000000100000000)
  eden space 196608K, 85% used [0x00000000eab00000,0x00000000f4e8b240,0x00000000f6b00000)
  from space 71680K, 38% used [0x00000000f6b00000,0x00000000f85be178,0x00000000fb100000)
  to   space 68096K, 0% used [0x00000000fb680000,0x00000000fb680000,0x00000000ff900000)
 ParOldGen       total 243712K, used 204147K [0x00000000c0000000, 0x00000000cee00000, 0x00000000eab00000)
  object space 243712K, 83% used [0x00000000c0000000,0x00000000cc75ce40,0x00000000cee00000)
 Metaspace       used 237338K, capacity 246528K, committed 247936K, reserved 1261568K
  class space    used 32878K, capacity 36110K, committed 36480K, reserved 1048576K
Event: 7497.352 GC heap after
Heap after GC invocations=76 (full 20):
 PSYoungGen      total 272896K, used 43043K [0x00000000eab00000, 0x00000000ffb00000, 0x0000000100000000)
  eden space 204800K, 0% used [0x00000000eab00000,0x00000000eab00000,0x00000000f7300000)
  from space 68096K, 63% used [0x00000000fb680000,0x00000000fe088d68,0x00000000ff900000)
  to   space 69120K, 0% used [0x00000000f7300000,0x00000000f7300000,0x00000000fb680000)
 ParOldGen       total 243712K, used 204155K [0x00000000c0000000, 0x00000000cee00000, 0x00000000eab00000)
  object space 243712K, 83% used [0x00000000c0000000,0x00000000cc75ee40,0x00000000cee00000)
 Metaspace       used 237338K, capacity 246528K, committed 247936K, reserved 1261568K
  class space    used 32878K, capacity 36110K, committed 36480K, reserved 1048576K
}
Event: 7497.352 GC heap before
{Heap before GC invocations=77 (full 21):
 PSYoungGen      total 272896K, used 43043K [0x00000000eab00000, 0x00000000ffb00000, 0x0000000100000000)
  eden space 204800K, 0% used [0x00000000eab00000,0x00000000eab00000,0x00000000f7300000)
  from space 68096K, 63% used [0x00000000fb680000,0x00000000fe088d68,0x00000000ff900000)
  to   space 69120K, 0% used [0x00000000f7300000,0x00000000f7300000,0x00000000fb680000)
 ParOldGen       total 243712K, used 204155K [0x00000000c0000000, 0x00000000cee00000, 0x00000000eab00000)
  object space 243712K, 83% used [0x00000000c0000000,0x00000000cc75ee40,0x00000000cee00000)
 Metaspace       used 237338K, capacity 246528K, committed 247936K, reserved 1261568K
  class space    used 32878K, capacity 36110K, committed 36480K, reserved 1048576K
Event: 7499.052 GC heap after
Heap after GC invocations=77 (full 21):
 PSYoungGen      total 272896K, used 0K [0x00000000eab00000, 0x00000000ffb00000, 0x0000000100000000)
  eden space 204800K, 0% used [0x00000000eab00000,0x00000000eab00000,0x00000000f7300000)
  from space 68096K, 0% used [0x00000000fb680000,0x00000000fb680000,0x00000000ff900000)
  to   space 69120K, 0% used [0x00000000f7300000,0x00000000f7300000,0x00000000fb680000)
 ParOldGen       total 243712K, used 227091K [0x00000000c0000000, 0x00000000cee00000, 0x00000000eab00000)
  object space 243712K, 93% used [0x00000000c0000000,0x00000000cddc4f08,0x00000000cee00000)
 Metaspace       used 237023K, capacity 245816K, committed 247936K, reserved 1261568K
  class space    used 32757K, capacity 35808K, committed 36480K, reserved 1048576K
}
Event: 7521.184 GC heap before
{Heap before GC invocations=78 (full 21):
 PSYoungGen      total 272896K, used 204800K [0x00000000eab00000, 0x00000000ffb00000, 0x0000000100000000)
  eden space 204800K, 100% used [0x00000000eab00000,0x00000000f7300000,0x00000000f7300000)
  from space 68096K, 0% used [0x00000000fb680000,0x00000000fb680000,0x00000000ff900000)
  to   space 69120K, 0% used [0x00000000f7300000,0x00000000f7300000,0x00000000fb680000)
 ParOldGen       total 243712K, used 227091K [0x00000000c0000000, 0x00000000cee00000, 0x00000000eab00000)
  object space 243712K, 93% used [0x00000000c0000000,0x00000000cddc4f08,0x00000000cee00000)
 Metaspace       used 244016K, capacity 253348K, committed 254848K, reserved 1267712K
  class space    used 33770K, capacity 37040K, committed 37504K, reserved 1048576K
Event: 7521.264 GC heap after
Heap after GC invocations=78 (full 21):
 PSYoungGen      total 273920K, used 22671K [0x00000000eab00000, 0x00000000ffc00000, 0x0000000100000000)
  eden space 204800K, 0% used [0x00000000eab00000,0x00000000eab00000,0x00000000f7300000)
  from space 69120K, 32% used [0x00000000f7300000,0x00000000f8923eb8,0x00000000fb680000)
  to   space 66560K, 0% used [0x00000000fbb00000,0x00000000fbb00000,0x00000000ffc00000)
 ParOldGen       total 243712K, used 227099K [0x00000000c0000000, 0x00000000cee00000, 0x00000000eab00000)
  object space 243712K, 93% used [0x00000000c0000000,0x00000000cddc6f08,0x00000000cee00000)
 Metaspace       used 244016K, capacity 253348K, committed 254848K, reserved 1267712K
  class space    used 33770K, capacity 37040K, committed 37504K, reserved 1048576K
}
Event: 10135.425 GC heap before
{Heap before GC invocations=79 (full 21):
 PSYoungGen      total 273920K, used 227471K [0x00000000eab00000, 0x00000000ffc00000, 0x0000000100000000)
  eden space 204800K, 100% used [0x00000000eab00000,0x00000000f7300000,0x00000000f7300000)
  from space 69120K, 32% used [0x00000000f7300000,0x00000000f8923eb8,0x00000000fb680000)
  to   space 66560K, 0% used [0x00000000fbb00000,0x00000000fbb00000,0x00000000ffc00000)
 ParOldGen       total 243712K, used 227099K [0x00000000c0000000, 0x00000000cee00000, 0x00000000eab00000)
  object space 243712K, 93% used [0x00000000c0000000,0x00000000cddc6f08,0x00000000cee00000)
 Metaspace       used 250789K, capacity 260742K, committed 261888K, reserved 1271808K
  class space    used 34775K, capacity 38332K, committed 38656K, reserved 1048576K

